warn:  CreateDXGIFactory2: Ignoring flags
info:  Game: ztyping.exe
info:  DXVK: v2.1
info:  Built-in extension providers:
info:    Win32 WSI
info:    OpenVR
info:    OpenXR
info:  OpenVR: could not open registry key, status 2
info:  OpenVR: Failed to locate module
info:  Vulkan: Found vkGetInstanceProcAddr in winevulkan.dll @ 0x2d4ad3f40
info:  Enabled instance extensions:
info:    VK_KHR_get_surface_capabilities2
info:    VK_KHR_surface
info:    VK_KHR_win32_surface
info:  AMD Radeon RX 6900 XT (RADV NAVI21):
info:    Driver: 23.2.1
info:    Vulkan: 1.3.255
info:    Memory Heap[0]: 
info:      Size: 32063 MiB
info:      Flags: 0x0
info:      Memory Type[2]: Property Flags = 0x6
info:      Memory Type[5]: Property Flags = 0xe
info:      Memory Type[6]: Property Flags = 0xe
info:      Memory Type[8]: Property Flags = 0xc6
info:      Memory Type[10]: Property Flags = 0xce
info:    Memory Heap[1]: 
info:      Size: 16368 MiB
info:      Flags: 0x1
info:      Memory Type[0]: Property Flags = 0x1
info:      Memory Type[1]: Property Flags = 0x1
info:      Memory Type[3]: Property Flags = 0x7
info:      Memory Type[4]: Property Flags = 0x7
info:      Memory Type[7]: Property Flags = 0xc1
info:      Memory Type[9]: Property Flags = 0xc7
info:  AMD Radeon RX 6900 XT (RADV NAVI21):
info:    Driver: 23.2.1
info:    Vulkan: 1.3.255
info:    Memory Heap[0]: 
info:      Size: 32063 MiB
info:      Flags: 0x0
info:      Memory Type[2]: Property Flags = 0x6
info:      Memory Type[5]: Property Flags = 0xe
info:      Memory Type[6]: Property Flags = 0xe
info:      Memory Type[8]: Property Flags = 0xc6
info:      Memory Type[10]: Property Flags = 0xce
info:    Memory Heap[1]: 
info:      Size: 16368 MiB
info:      Flags: 0x1
info:      Memory Type[0]: Property Flags = 0x1
info:      Memory Type[1]: Property Flags = 0x1
info:      Memory Type[3]: Property Flags = 0x7
info:      Memory Type[4]: Property Flags = 0x7
info:      Memory Type[7]: Property Flags = 0xc1
info:      Memory Type[9]: Property Flags = 0xc7
warn:  DxgiFactory::QueryInterface: Unknown interface query
warn:  41e7d1f2-a591-4f7b-a2e5-fa9c843e1c12
warn:  DxgiAdapter::QueryInterface: Unknown interface query
warn:  17399d75-964e-4c03-99f8-9d4fd196dd62
